<?xml version="1.0" encoding="UTF-8"?><testsuite name="nosetests" tests="12" errors="0" failures="0" skip="0"><testcase classname="wouso.core.scoring.tests.ScoringFirstLogin" name="test_first_login_points" time="0.040" /><testcase classname="wouso.core.scoring.tests.ScoringHistoryTest" name="test_accessors" time="0.023" /><testcase classname="wouso.core.scoring.tests.ScoringHistoryTest" name="test_sync_methods" time="0.045" /><testcase classname="wouso.core.scoring.tests.ScoringHistoryTest" name="test_user_coins" time="0.028" /><testcase classname="wouso.core.scoring.tests.ScoringHistoryTest" name="test_user_points" time="0.065" /><testcase classname="wouso.core.scoring.tests.ScoringSetupTest" name="test_check_setup" time="0.065" /><testcase classname="wouso.core.scoring.tests.ScoringSetupTest" name="test_setup" time="0.065" /><testcase classname="wouso.core.scoring.tests.ScoringTestCase" name="testCalculate" time="0.041" /><testcase classname="wouso.core.scoring.tests.ScoringTestCase" name="testHistoryFor" time="0.031" /><testcase classname="wouso.core.scoring.tests.ScoringTestCase" name="testScore" time="0.040" /><testcase classname="wouso.core.scoring.tests.ScoringTestCase" name="testScoreSimple" time="0.035" /><testcase classname="wouso.core.scoring.tests.UpdateScoringTest" name="testUpdatePoints" time="0.055" /></testsuite>